\BOOKMARK [1][-]{section.1}{\376\377\301\034\270\140}{}% 1
\BOOKMARK [2][-]{subsection.1.1}{\376\377\274\060\254\275\000\040\274\017\000\040\263\331\256\060}{section.1}% 2
\BOOKMARK [2][-]{subsection.1.2}{\376\377\305\360\255\154\000\040\272\251\324\134}{section.1}% 3
\BOOKMARK [2][-]{subsection.1.3}{\376\377\254\374\310\034\000\040\300\260\315\234\273\074\000\040\274\017\000\040\274\224\307\004}{section.1}% 4
\BOOKMARK [1][-]{section.2}{\376\377\302\334\302\244\321\134\000\040\305\104\320\244\321\115\314\230}{}% 5
\BOOKMARK [2][-]{subsection.2.1}{\376\377\261\044\322\270\306\314\320\154\000\040\272\250\263\170}{section.2}% 6
\BOOKMARK [3][-]{subsubsection.2.1.1}{\376\377\321\240\323\364\270\134\311\300\000\040\255\154\310\160}{subsection.2.1}% 7
\BOOKMARK [3][-]{subsubsection.2.1.2}{\376\377\273\064\301\040\000\040\272\250\263\170}{subsection.2.1}% 8
\BOOKMARK [2][-]{subsection.2.2}{\376\377\254\365\254\251\000\040\272\250\263\170}{section.2}% 9
\BOOKMARK [3][-]{subsubsection.2.2.1}{\376\377\301\040\320\335\310\001\000\040\323\354\306\314\265\051\000\040\254\365\254\251}{subsection.2.2}% 10
\BOOKMARK [1][-]{section.3}{\376\377\000T\000r\000u\000s\000t\000-\000A\000w\000a\000r\000e\000\040\000B\000R\000P\000L\000\040\301\044\254\304}{}% 11
\BOOKMARK [2][-]{subsection.3.1}{\376\377\000B\000R\000P\000L\000\040\254\034\306\224}{section.3}% 12
\BOOKMARK [2][-]{subsection.3.2}{\376\377\302\340\270\260\263\304\000\040\272\124\322\270\271\255}{section.3}% 13
\BOOKMARK [3][-]{subsubsection.3.2.1}{\376\377\302\340\270\260\263\304\000\040\254\304\300\260}{subsection.3.2}% 14
\BOOKMARK [3][-]{subsubsection.3.2.2}{\376\377\302\340\270\260\263\304\000\040\256\060\274\030\000\040\275\200\272\250\000\040\301\040\320\335}{subsection.3.2}% 15
\BOOKMARK [2][-]{subsection.3.3}{\376\377\255\154\326\004\000\040\301\070\275\200\300\254\325\155}{section.3}% 16
\BOOKMARK [1][-]{section.4}{\376\377\302\344\325\330\000\040\301\044\310\025}{}% 17
\BOOKMARK [2][-]{subsection.4.1}{\376\377\302\334\273\254\270\010\307\164\301\130\000\040\326\130\254\275}{section.4}% 18
\BOOKMARK [2][-]{subsection.4.2}{\376\377\302\344\325\330\000\040\302\334\260\230\271\254\306\044}{section.4}% 19
\BOOKMARK [2][-]{subsection.4.3}{\376\377\272\124\322\270\271\255}{section.4}% 20
\BOOKMARK [2][-]{subsection.4.4}{\376\377\302\344\325\330\000\040\323\014\267\174\273\370\321\060}{section.4}% 21
\BOOKMARK [1][-]{section.5}{\376\377\254\260\254\374\000\040\274\017\000\040\275\204\301\035}{}% 22
\BOOKMARK [2][-]{subsection.5.1}{\376\377\310\025\300\301\000\040\263\331\307\221\000\040\276\104\255\120}{section.5}% 23
\BOOKMARK [2][-]{subsection.5.2}{\376\377\302\340\270\260\263\304\000\040\305\306\307\164\000\040\254\365\254\251\000\040\306\001\325\245}{section.5}% 24
\BOOKMARK [2][-]{subsection.5.3}{\376\377\302\340\270\260\263\304\000\040\256\060\274\030\000\040\274\051\305\264\000\040\326\250\254\374}{section.5}% 25
\BOOKMARK [2][-]{subsection.5.4}{\376\377\302\340\270\260\263\304\000\040\254\022\000\040\311\304\326\124}{section.5}% 26
\BOOKMARK [2][-]{subsection.5.5}{\376\377\310\205\325\151\000\040\301\061\262\245\000\040\254\034\306\224}{section.5}% 27
\BOOKMARK [2][-]{subsection.5.6}{\376\377\311\300\305\360\000\040\322\270\270\010\307\164\264\334\306\044\325\004}{section.5}% 28
\BOOKMARK [2][-]{subsection.5.7}{\376\377\301\061\262\245\000-\311\300\305\360\000\040\322\270\270\010\307\164\264\334\306\044\325\004\000\040\254\365\254\004}{section.5}% 29
\BOOKMARK [2][-]{subsection.5.8}{\376\377\310\205\325\151\000\040\301\061\262\245\000\040\306\224\305\175}{section.5}% 30
\BOOKMARK [2][-]{subsection.5.9}{\376\377\310\034\305\264\000\040\306\044\274\204\325\344\264\334\000\040\275\204\301\035}{section.5}% 31
\BOOKMARK [1][-]{section.6}{\376\377\261\174\307\130}{}% 32
\BOOKMARK [2][-]{subsection.6.1}{\376\377\302\340\270\260\263\304\000\040\272\124\316\344\262\310\311\230\307\130\000\040\326\250\254\374}{section.6}% 33
\BOOKMARK [2][-]{subsection.6.2}{\376\377\256\060\310\164\000\040\305\360\255\154\306\100\307\130\000\040\276\104\255\120}{section.6}% 34
\BOOKMARK [2][-]{subsection.6.3}{\376\377\325\134\254\304\306\100\000\040\273\370\325\164\254\260\000\040\311\310\273\070}{section.6}% 35
\BOOKMARK [2][-]{subsection.6.4}{\376\377\321\240\323\364\270\134\311\300\000\040\301\044\254\304\307\130\000\040\310\034\325\134\310\020\254\374\000\040\000B\000R\000P\000L\000\040\326\134\306\251\263\304}{section.6}% 36
\BOOKMARK [1][-]{section.7}{\376\377\254\260\270\140\000\040\274\017\000\040\325\245\326\304\000\040\305\360\255\154}{}% 37
\BOOKMARK [2][-]{subsection.7.1}{\376\377\254\374\310\034\000\040\254\260\254\374\000\040\306\224\305\175}{section.7}% 38
\BOOKMARK [2][-]{subsection.7.2}{\376\377\325\245\326\304\000\040\305\360\255\154\000\040\274\051\325\245}{section.7}% 39
\BOOKMARK [2][-]{subsection.7.3}{\376\377\271\310\273\064\271\254\000\040\300\335\254\001}{section.7}% 40
\BOOKMARK [1][-]{appendix.A}{\376\377\302\340\270\260\263\304\000\040\254\304\300\260\000\040\305\114\254\340\271\254\311\230}{}% 41
\BOOKMARK [2][-]{subsection.A.1}{\376\377\000E\000W\000M\000A\000\040\255\154\326\004}{appendix.A}% 42
\BOOKMARK [2][-]{subsection.A.2}{\376\377\302\340\270\260\263\304\000\040\256\060\274\030\000\040\275\200\272\250\000\040\301\040\320\335}{appendix.A}% 43
